<?xml version="1.0" encoding="UTF-8"?>
<coverage generated="1576082313466" clover="3.2.0">
  <project timestamp="1576082313467" name="All files">
    <metrics statements="107" coveredstatements="91" conditionals="34" coveredconditionals="20" methods="31" coveredmethods="26" elements="172" coveredelements="137" complexity="0" loc="107" ncloc="107" packages="1" files="1" classes="1"/>
    <file name="index.ts" path="D:\team_cooperation\middleware\none-sql\src\index.ts">
      <metrics statements="107" coveredstatements="91" conditionals="34" coveredconditionals="20" methods="31" coveredmethods="26"/>
      <line num="1" count="1" type="stmt"/>
      <line num="9" count="1" type="stmt"/>
      <line num="16" count="6" type="stmt"/>
      <line num="17" count="6" type="stmt"/>
      <line num="18" count="6" type="stmt"/>
      <line num="19" count="6" type="stmt"/>
      <line num="22" count="1" type="stmt"/>
      <line num="23" count="20" type="stmt"/>
      <line num="24" count="20" type="stmt"/>
      <line num="25" count="20" type="stmt"/>
      <line num="26" count="20" type="stmt"/>
      <line num="29" count="1" type="stmt"/>
      <line num="30" count="16" type="stmt"/>
      <line num="31" count="16" type="cond" truecount="1" falsecount="1"/>
      <line num="32" count="16" type="stmt"/>
      <line num="33" count="24" type="stmt"/>
      <line num="35" count="16" type="stmt"/>
      <line num="36" count="16" type="stmt"/>
      <line num="37" count="16" type="stmt"/>
      <line num="39" count="16" type="stmt"/>
      <line num="42" count="1" type="stmt"/>
      <line num="43" count="3" type="cond" truecount="3" falsecount="1"/>
      <line num="44" count="3" type="stmt"/>
      <line num="45" count="3" type="stmt"/>
      <line num="46" count="3" type="stmt"/>
      <line num="48" count="3" type="stmt"/>
      <line num="49" count="3" type="stmt"/>
      <line num="50" count="3" type="stmt"/>
      <line num="52" count="3" type="stmt"/>
      <line num="55" count="1" type="stmt"/>
      <line num="56" count="4" type="cond" truecount="1" falsecount="1"/>
      <line num="57" count="4" type="stmt"/>
      <line num="58" count="4" type="stmt"/>
      <line num="59" count="8" type="cond" truecount="2" falsecount="0"/>
      <line num="61" count="4" type="stmt"/>
      <line num="63" count="4" type="stmt"/>
      <line num="66" count="1" type="stmt"/>
      <line num="67" count="0" type="stmt"/>
      <line num="68" count="0" type="stmt"/>
      <line num="69" count="0" type="cond" truecount="0" falsecount="2"/>
      <line num="70" count="0" type="stmt"/>
      <line num="72" count="0" type="stmt"/>
      <line num="73" count="0" type="stmt"/>
      <line num="74" count="0" type="stmt"/>
      <line num="75" count="0" type="stmt"/>
      <line num="77" count="0" type="stmt"/>
      <line num="78" count="0" type="stmt"/>
      <line num="85" count="1" type="stmt"/>
      <line num="86" count="20" type="stmt"/>
      <line num="87" count="20" type="stmt"/>
      <line num="88" count="20" type="cond" truecount="1" falsecount="1"/>
      <line num="89" count="0" type="stmt"/>
      <line num="91" count="20" type="cond" truecount="2" falsecount="0"/>
      <line num="92" count="9" type="stmt"/>
      <line num="93" count="9" type="stmt"/>
      <line num="94" count="20" type="stmt"/>
      <line num="95" count="20" type="stmt"/>
      <line num="97" count="9" type="stmt"/>
      <line num="99" count="20" type="stmt"/>
      <line num="104" count="1" type="stmt"/>
      <line num="105" count="11" type="stmt"/>
      <line num="106" count="11" type="stmt"/>
      <line num="109" count="1" type="stmt"/>
      <line num="110" count="5" type="stmt"/>
      <line num="111" count="5" type="stmt"/>
      <line num="114" count="1" type="stmt"/>
      <line num="115" count="2" type="stmt"/>
      <line num="116" count="2" type="stmt"/>
      <line num="119" count="1" type="stmt"/>
      <line num="120" count="2" type="stmt"/>
      <line num="121" count="2" type="stmt"/>
      <line num="122" count="2" type="stmt"/>
      <line num="123" count="2" type="stmt"/>
      <line num="124" count="2" type="stmt"/>
      <line num="125" count="2" type="stmt"/>
      <line num="127" count="2" type="stmt"/>
      <line num="128" count="2" type="stmt"/>
      <line num="130" count="1" type="stmt"/>
      <line num="132" count="1" type="stmt"/>
      <line num="134" count="2" type="cond" truecount="2" falsecount="2"/>
      <line num="135" count="1" type="cond" truecount="2" falsecount="0"/>
      <line num="136" count="1" type="stmt"/>
      <line num="142" count="1" type="stmt"/>
      <line num="145" count="1" type="stmt"/>
      <line num="146" count="1" type="stmt"/>
      <line num="147" count="1" type="stmt"/>
      <line num="148" count="1" type="cond" truecount="1" falsecount="1"/>
      <line num="149" count="0" type="stmt"/>
      <line num="151" count="1" type="stmt"/>
      <line num="155" count="1" type="stmt"/>
      <line num="157" count="1" type="stmt"/>
      <line num="160" count="1" type="cond" truecount="2" falsecount="2"/>
      <line num="161" count="1" type="cond" truecount="2" falsecount="0"/>
      <line num="162" count="1" type="stmt"/>
      <line num="171" count="4" type="stmt"/>
      <line num="172" count="4" type="stmt"/>
      <line num="173" count="4" type="stmt"/>
      <line num="174" count="4" type="cond" truecount="1" falsecount="1"/>
      <line num="175" count="0" type="stmt"/>
      <line num="177" count="4" type="stmt"/>
      <line num="182" count="1" type="stmt"/>
      <line num="183" count="1" type="stmt"/>
      <line num="184" count="1" type="stmt"/>
      <line num="185" count="0" type="cond" truecount="0" falsecount="2"/>
      <line num="186" count="0" type="stmt"/>
      <line num="188" count="0" type="stmt"/>
      <line num="192" count="1" type="stmt"/>
    </file>
  </project>
</coverage>
