{"D:\\team_cooperation\\middleware\\none-sql\\src\\index.ts": {"path":"D:\\team_cooperation\\middleware\\none-sql\\src\\index.ts","statementMap":{"0":{"start":{"line":1,"column":0},"end":{"line":1,"column":25}},"1":{"start":{"line":9,"column":0},"end":{"line":9,"column":13}},"2":{"start":{"line":16,"column":4},"end":{"line":16,"column":33}},"3":{"start":{"line":17,"column":4},"end":{"line":17,"column":24}},"4":{"start":{"line":18,"column":4},"end":{"line":18,"column":26}},"5":{"start":{"line":19,"column":4},"end":{"line":19,"column":28}},"6":{"start":{"line":22,"column":2},"end":{"line":27,"column":null}},"7":{"start":{"line":23,"column":4},"end":{"line":23,"column":26}},"8":{"start":{"line":24,"column":4},"end":{"line":24,"column":28}},"9":{"start":{"line":25,"column":4},"end":{"line":25,"column":31}},"10":{"start":{"line":26,"column":4},"end":{"line":26,"column":16}},"11":{"start":{"line":29,"column":2},"end":{"line":40,"column":null}},"12":{"start":{"line":30,"column":4},"end":{"line":30,"column":34}},"13":{"start":{"line":31,"column":4},"end":{"line":38,"column":null}},"14":{"start":{"line":32,"column":6},"end":{"line":34,"column":null}},"15":{"start":{"line":33,"column":8},"end":{"line":33,"column":44}},"16":{"start":{"line":35,"column":6},"end":{"line":35,"column":55}},"17":{"start":{"line":36,"column":6},"end":{"line":36,"column":30}},"18":{"start":{"line":37,"column":6},"end":{"line":37,"column":null}},"19":{"start":{"line":39,"column":4},"end":{"line":39,"column":16}},"20":{"start":{"line":42,"column":2},"end":{"line":53,"column":null}},"21":{"start":{"line":43,"column":4},"end":{"line":51,"column":null}},"22":{"start":{"line":44,"column":6},"end":{"line":44,"column":null}},"23":{"start":{"line":45,"column":6},"end":{"line":47,"column":null}},"24":{"start":{"line":46,"column":8},"end":{"line":46,"column":44}},"25":{"start":{"line":48,"column":6},"end":{"line":48,"column":55}},"26":{"start":{"line":49,"column":6},"end":{"line":49,"column":30}},"27":{"start":{"line":50,"column":6},"end":{"line":50,"column":null}},"28":{"start":{"line":52,"column":4},"end":{"line":52,"column":16}},"29":{"start":{"line":55,"column":2},"end":{"line":64,"column":null}},"30":{"start":{"line":56,"column":4},"end":{"line":62,"column":null}},"31":{"start":{"line":57,"column":6},"end":{"line":57,"column":40}},"32":{"start":{"line":58,"column":6},"end":{"line":60,"column":null}},"33":{"start":{"line":59,"column":8},"end":{"line":59,"column":83}},"34":{"start":{"line":61,"column":6},"end":{"line":61,"column":59}},"35":{"start":{"line":63,"column":4},"end":{"line":63,"column":16}},"36":{"start":{"line":66,"column":8},"end":{"line":83,"column":null}},"37":{"start":{"line":67,"column":4},"end":{"line":82,"column":7}},"38":{"start":{"line":68,"column":6},"end":{"line":81,"column":9}},"39":{"start":{"line":68,"column":65},"end":{"line":81,"column":8}},"40":{"start":{"line":69,"column":8},"end":{"line":71,"column":null}},"41":{"start":{"line":70,"column":10},"end":{"line":70,"column":88}},"42":{"start":{"line":73,"column":10},"end":{"line":73,"column":23}},"43":{"start":{"line":74,"column":10},"end":{"line":74,"column":35}},"44":{"start":{"line":75,"column":10},"end":{"line":75,"column":70}},"45":{"start":{"line":77,"column":10},"end":{"line":79,"column":13}},"46":{"start":{"line":78,"column":12},"end":{"line":78,"column":79}},"47":{"start":{"line":85,"column":8},"end":{"line":102,"column":null}},"48":{"start":{"line":86,"column":4},"end":{"line":101,"column":7}},"49":{"start":{"line":87,"column":6},"end":{"line":100,"column":9}},"50":{"start":{"line":88,"column":8},"end":{"line":90,"column":null}},"51":{"start":{"line":89,"column":10},"end":{"line":89,"column":71}},"52":{"start":{"line":91,"column":8},"end":{"line":98,"column":null}},"53":{"start":{"line":92,"column":28},"end":{"line":92,"column":30}},"54":{"start":{"line":93,"column":10},"end":{"line":96,"column":null}},"55":{"start":{"line":94,"column":18},"end":{"line":94,"column":33}},"56":{"start":{"line":95,"column":12},"end":{"line":95,"column":28}},"57":{"start":{"line":97,"column":10},"end":{"line":97,"column":75}},"58":{"start":{"line":99,"column":8},"end":{"line":99,"column":75}},"59":{"start":{"line":104,"column":8},"end":{"line":107,"column":null}},"60":{"start":{"line":105,"column":8},"end":{"line":105,"column":74}},"61":{"start":{"line":106,"column":4},"end":{"line":106,"column":45}},"62":{"start":{"line":109,"column":8},"end":{"line":112,"column":null}},"63":{"start":{"line":110,"column":8},"end":{"line":110,"column":51}},"64":{"start":{"line":111,"column":4},"end":{"line":111,"column":45}},"65":{"start":{"line":114,"column":8},"end":{"line":117,"column":null}},"66":{"start":{"line":115,"column":8},"end":{"line":115,"column":51}},"67":{"start":{"line":116,"column":4},"end":{"line":116,"column":50}},"68":{"start":{"line":119,"column":8},"end":{"line":129,"column":null}},"69":{"start":{"line":120,"column":8},"end":{"line":120,"column":36}},"70":{"start":{"line":121,"column":8},"end":{"line":121,"column":30}},"71":{"start":{"line":122,"column":8},"end":{"line":122,"column":44}},"72":{"start":{"line":123,"column":4},"end":{"line":126,"column":null}},"73":{"start":{"line":123,"column":15},"end":{"line":123,"column":22}},"74":{"start":{"line":124,"column":6},"end":{"line":124,"column":null}},"75":{"start":{"line":125,"column":6},"end":{"line":125,"column":41}},"76":{"start":{"line":127,"column":4},"end":{"line":127,"column":27}},"77":{"start":{"line":128,"column":4},"end":{"line":128,"column":65}},"78":{"start":{"line":130,"column":0},"end":{"line":130,"column":null}},"79":{"start":{"line":9,"column":13},"end":{"line":9,"column":23}},"80":{"start":{"line":132,"column":0},"end":{"line":132,"column":null}},"81":{"start":{"line":132,"column":24},"end":{"line":132,"column":34}},"82":{"start":{"line":134,"column":64},"end":{"line":134,"column":84}},"83":{"start":{"line":134,"column":84},"end":{"line":134,"column":null}},"84":{"start":{"line":135,"column":4},"end":{"line":135,"column":null}},"85":{"start":{"line":136,"column":4},"end":{"line":141,"column":7}},"86":{"start":{"line":142,"column":4},"end":{"line":142,"column":30}},"87":{"start":{"line":145,"column":8},"end":{"line":154,"column":null}},"88":{"start":{"line":146,"column":4},"end":{"line":153,"column":7}},"89":{"start":{"line":147,"column":6},"end":{"line":152,"column":9}},"90":{"start":{"line":148,"column":8},"end":{"line":150,"column":null}},"91":{"start":{"line":149,"column":10},"end":{"line":149,"column":82}},"92":{"start":{"line":151,"column":8},"end":{"line":151,"column":73}},"93":{"start":{"line":155,"column":0},"end":{"line":155,"column":null}},"94":{"start":{"line":132,"column":13},"end":{"line":132,"column":15}},"95":{"start":{"line":157,"column":0},"end":{"line":157,"column":null}},"96":{"start":{"line":157,"column":26},"end":{"line":157,"column":36}},"97":{"start":{"line":160,"column":64},"end":{"line":160,"column":84}},"98":{"start":{"line":160,"column":84},"end":{"line":160,"column":null}},"99":{"start":{"line":161,"column":4},"end":{"line":161,"column":null}},"100":{"start":{"line":162,"column":4},"end":{"line":168,"column":7}},"101":{"start":{"line":171,"column":2},"end":{"line":180,"column":null}},"102":{"start":{"line":171,"column":2},"end":{"line":171,"column":15}},"103":{"start":{"line":172,"column":4},"end":{"line":179,"column":7}},"104":{"start":{"line":173,"column":6},"end":{"line":178,"column":9}},"105":{"start":{"line":174,"column":8},"end":{"line":176,"column":null}},"106":{"start":{"line":175,"column":10},"end":{"line":175,"column":22}},"107":{"start":{"line":177,"column":8},"end":{"line":177,"column":44}},"108":{"start":{"line":182,"column":8},"end":{"line":191,"column":null}},"109":{"start":{"line":183,"column":4},"end":{"line":190,"column":7}},"110":{"start":{"line":184,"column":6},"end":{"line":189,"column":9}},"111":{"start":{"line":185,"column":8},"end":{"line":187,"column":null}},"112":{"start":{"line":186,"column":10},"end":{"line":186,"column":87}},"113":{"start":{"line":188,"column":8},"end":{"line":188,"column":78}},"114":{"start":{"line":192,"column":0},"end":{"line":192,"column":null}},"115":{"start":{"line":157,"column":13},"end":{"line":157,"column":17}}},"fnMap":{"0":{"name":"(anonymous_22)","decl":{"start":{"line":9,"column":0},"end":{"line":9,"column":13}},"loc":{"start":{"line":9,"column":0},"end":{"line":130,"column":null}}},"1":{"name":"Connection","decl":{"start":{"line":15,"column":2},"end":{"line":15,"column":14}},"loc":{"start":{"line":15,"column":30},"end":{"line":20,"column":3}}},"2":{"name":"(anonymous_24)","decl":{"start":{"line":22,"column":2},"end":{"line":22,"column":9}},"loc":{"start":{"line":22,"column":27},"end":{"line":27,"column":3}}},"3":{"name":"(anonymous_25)","decl":{"start":{"line":29,"column":2},"end":{"line":29,"column":7}},"loc":{"start":{"line":29,"column":16},"end":{"line":40,"column":3}}},"4":{"name":"(anonymous_26)","decl":{"start":{"line":42,"column":2},"end":{"line":42,"column":9}},"loc":{"start":{"line":42,"column":18},"end":{"line":53,"column":3}}},"5":{"name":"(anonymous_27)","decl":{"start":{"line":55,"column":2},"end":{"line":55,"column":9}},"loc":{"start":{"line":55,"column":18},"end":{"line":64,"column":3}}},"6":{"name":"(anonymous_28)","decl":{"start":{"line":66,"column":2},"end":{"line":66,"column":8}},"loc":{"start":{"line":66,"column":36},"end":{"line":83,"column":null}}},"7":{"name":"(anonymous_31)","decl":{"start":{"line":67,"column":31},"end":{"line":67,"column":32}},"loc":{"start":{"line":67,"column":47},"end":{"line":82,"column":5}}},"8":{"name":"(anonymous_32)","decl":{"start":{"line":68,"column":39},"end":{"line":68,"column":46}},"loc":{"start":{"line":68,"column":65},"end":{"line":81,"column":8}}},"9":{"name":"(anonymous_33)","decl":{"start":{"line":68,"column":65},"end":{"line":68,"column":null}},"loc":{"start":{"line":68,"column":65},"end":{"line":81,"column":8}}},"10":{"name":"(anonymous_35)","decl":{"start":{"line":77,"column":35},"end":{"line":77,"column":null}},"loc":{"start":{"line":77,"column":35},"end":{"line":79,"column":11}}},"11":{"name":"(anonymous_36)","decl":{"start":{"line":85,"column":2},"end":{"line":85,"column":8}},"loc":{"start":{"line":85,"column":39},"end":{"line":102,"column":null}}},"12":{"name":"(anonymous_39)","decl":{"start":{"line":86,"column":23},"end":{"line":86,"column":24}},"loc":{"start":{"line":86,"column":39},"end":{"line":101,"column":5}}},"13":{"name":"(anonymous_40)","decl":{"start":{"line":87,"column":39},"end":{"line":87,"column":49}},"loc":{"start":{"line":87,"column":83},"end":{"line":100,"column":7}}},"14":{"name":"(anonymous_41)","decl":{"start":{"line":93,"column":25},"end":{"line":93,"column":26}},"loc":{"start":{"line":93,"column":34},"end":{"line":96,"column":11}}},"15":{"name":"(anonymous_42)","decl":{"start":{"line":104,"column":2},"end":{"line":104,"column":8}},"loc":{"start":{"line":104,"column":2},"end":{"line":107,"column":null}}},"16":{"name":"(anonymous_45)","decl":{"start":{"line":109,"column":2},"end":{"line":109,"column":8}},"loc":{"start":{"line":109,"column":2},"end":{"line":112,"column":null}}},"17":{"name":"(anonymous_48)","decl":{"start":{"line":114,"column":2},"end":{"line":114,"column":8}},"loc":{"start":{"line":114,"column":23},"end":{"line":117,"column":null}}},"18":{"name":"(anonymous_51)","decl":{"start":{"line":119,"column":2},"end":{"line":119,"column":8}},"loc":{"start":{"line":119,"column":23},"end":{"line":129,"column":null}}},"19":{"name":"(anonymous_54)","decl":{"start":{"line":132,"column":0},"end":{"line":132,"column":13}},"loc":{"start":{"line":132,"column":0},"end":{"line":155,"column":null}}},"20":{"name":"DB","decl":{"start":{"line":134,"column":2},"end":{"line":134,"column":14}},"loc":{"start":{"line":134,"column":105},"end":{"line":143,"column":3}}},"21":{"name":"(anonymous_56)","decl":{"start":{"line":145,"column":2},"end":{"line":145,"column":8}},"loc":{"start":{"line":145,"column":2},"end":{"line":154,"column":null}}},"22":{"name":"(anonymous_59)","decl":{"start":{"line":146,"column":23},"end":{"line":146,"column":24}},"loc":{"start":{"line":146,"column":39},"end":{"line":153,"column":5}}},"23":{"name":"(anonymous_60)","decl":{"start":{"line":147,"column":26},"end":{"line":147,"column":27}},"loc":{"start":{"line":147,"column":35},"end":{"line":152,"column":7}}},"24":{"name":"(anonymous_61)","decl":{"start":{"line":157,"column":0},"end":{"line":157,"column":13}},"loc":{"start":{"line":157,"column":0},"end":{"line":192,"column":null}}},"25":{"name":"Pool","decl":{"start":{"line":160,"column":2},"end":{"line":160,"column":14}},"loc":{"start":{"line":160,"column":104},"end":{"line":169,"column":3}}},"26":{"name":"(anonymous_63)","decl":{"start":{"line":171,"column":2},"end":{"line":171,"column":15}},"loc":{"start":{"line":171,"column":2},"end":{"line":180,"column":3}}},"27":{"name":"(anonymous_64)","decl":{"start":{"line":172,"column":23},"end":{"line":172,"column":24}},"loc":{"start":{"line":172,"column":39},"end":{"line":179,"column":5}}},"28":{"name":"(anonymous_65)","decl":{"start":{"line":173,"column":30},"end":{"line":173,"column":31}},"loc":{"start":{"line":173,"column":56},"end":{"line":178,"column":7}}},"29":{"name":"(anonymous_66)","decl":{"start":{"line":182,"column":2},"end":{"line":182,"column":8}},"loc":{"start":{"line":182,"column":2},"end":{"line":191,"column":null}}},"30":{"name":"(anonymous_69)","decl":{"start":{"line":183,"column":23},"end":{"line":183,"column":24}},"loc":{"start":{"line":183,"column":39},"end":{"line":190,"column":5}}},"31":{"name":"(anonymous_70)","decl":{"start":{"line":184,"column":20},"end":{"line":184,"column":21}},"loc":{"start":{"line":184,"column":29},"end":{"line":189,"column":7}}}},"branchMap":{"0":{"loc":{"start":{"line":31,"column":4},"end":{"line":38,"column":null}},"type":"if","locations":[{"start":{"line":31,"column":4},"end":{"line":38,"column":null}},{"start":{"line":31,"column":4},"end":{"line":38,"column":null}}]},"1":{"loc":{"start":{"line":43,"column":4},"end":{"line":51,"column":null}},"type":"if","locations":[{"start":{"line":43,"column":4},"end":{"line":51,"column":null}},{"start":{"line":43,"column":4},"end":{"line":51,"column":null}}]},"2":{"loc":{"start":{"line":43,"column":8},"end":{"line":43,"column":31}},"type":"binary-expr","locations":[{"start":{"line":43,"column":8},"end":{"line":43,"column":31}},{"start":{"line":43,"column":35},"end":{"line":43,"column":51}}]},"3":{"loc":{"start":{"line":56,"column":4},"end":{"line":62,"column":null}},"type":"if","locations":[{"start":{"line":56,"column":4},"end":{"line":62,"column":null}},{"start":{"line":56,"column":4},"end":{"line":62,"column":null}}]},"4":{"loc":{"start":{"line":59,"column":60},"end":{"line":59,"column":65}},"type":"cond-expr","locations":[{"start":{"line":59,"column":60},"end":{"line":59,"column":65}},{"start":{"line":59,"column":68},"end":{"line":59,"column":74}}]},"5":{"loc":{"start":{"line":69,"column":8},"end":{"line":71,"column":null}},"type":"if","locations":[{"start":{"line":69,"column":8},"end":{"line":71,"column":null}},{"start":{"line":69,"column":8},"end":{"line":71,"column":null}}]},"6":{"loc":{"start":{"line":88,"column":8},"end":{"line":90,"column":null}},"type":"if","locations":[{"start":{"line":88,"column":8},"end":{"line":90,"column":null}},{"start":{"line":88,"column":8},"end":{"line":90,"column":null}}]},"7":{"loc":{"start":{"line":91,"column":8},"end":{"line":98,"column":null}},"type":"if","locations":[{"start":{"line":91,"column":8},"end":{"line":98,"column":null}},{"start":{"line":91,"column":8},"end":{"line":98,"column":null}}]},"8":{"loc":{"start":{"line":134,"column":64},"end":{"line":134,"column":84}},"type":"if","locations":[{"start":{"line":134,"column":64},"end":{"line":134,"column":84}},{"start":{"line":134,"column":64},"end":{"line":134,"column":84}}]},"9":{"loc":{"start":{"line":134,"column":84},"end":{"line":134,"column":null}},"type":"if","locations":[{"start":{"line":134,"column":84},"end":{"line":134,"column":null}},{"start":{"line":134,"column":84},"end":{"line":134,"column":null}}]},"10":{"loc":{"start":{"line":135,"column":4},"end":{"line":135,"column":11}},"type":"binary-expr","locations":[{"start":{"line":135,"column":4},"end":{"line":135,"column":11}},{"start":{"line":135,"column":11},"end":{"line":135,"column":null}}]},"11":{"loc":{"start":{"line":148,"column":8},"end":{"line":150,"column":null}},"type":"if","locations":[{"start":{"line":148,"column":8},"end":{"line":150,"column":null}},{"start":{"line":148,"column":8},"end":{"line":150,"column":null}}]},"12":{"loc":{"start":{"line":160,"column":64},"end":{"line":160,"column":84}},"type":"if","locations":[{"start":{"line":160,"column":64},"end":{"line":160,"column":84}},{"start":{"line":160,"column":64},"end":{"line":160,"column":84}}]},"13":{"loc":{"start":{"line":160,"column":84},"end":{"line":160,"column":null}},"type":"if","locations":[{"start":{"line":160,"column":84},"end":{"line":160,"column":null}},{"start":{"line":160,"column":84},"end":{"line":160,"column":null}}]},"14":{"loc":{"start":{"line":161,"column":4},"end":{"line":161,"column":11}},"type":"binary-expr","locations":[{"start":{"line":161,"column":4},"end":{"line":161,"column":11}},{"start":{"line":161,"column":11},"end":{"line":161,"column":null}}]},"15":{"loc":{"start":{"line":174,"column":8},"end":{"line":176,"column":null}},"type":"if","locations":[{"start":{"line":174,"column":8},"end":{"line":176,"column":null}},{"start":{"line":174,"column":8},"end":{"line":176,"column":null}}]},"16":{"loc":{"start":{"line":185,"column":8},"end":{"line":187,"column":null}},"type":"if","locations":[{"start":{"line":185,"column":8},"end":{"line":187,"column":null}},{"start":{"line":185,"column":8},"end":{"line":187,"column":null}}]}},"s":{"0":1,"1":1,"2":6,"3":6,"4":6,"5":6,"6":1,"7":27,"8":27,"9":27,"10":27,"11":1,"12":18,"13":18,"14":18,"15":28,"16":18,"17":18,"18":18,"19":18,"20":1,"21":4,"22":4,"23":4,"24":4,"25":4,"26":4,"27":4,"28":4,"29":1,"30":4,"31":4,"32":4,"33":8,"34":4,"35":4,"36":1,"37":2,"38":2,"39":2,"40":2,"41":0,"42":4,"43":1,"44":1,"45":1,"46":1,"47":1,"48":27,"49":27,"50":26,"51":1,"52":26,"53":15,"54":15,"55":17,"56":17,"57":15,"58":26,"59":1,"60":15,"61":15,"62":1,"63":3,"64":3,"65":1,"66":2,"67":2,"68":1,"69":7,"70":7,"71":7,"72":7,"73":8,"74":8,"75":8,"76":7,"77":7,"78":1,"79":1,"80":1,"81":1,"82":1,"83":2,"84":1,"85":1,"86":1,"87":1,"88":1,"89":1,"90":0,"91":0,"92":0,"93":1,"94":1,"95":1,"96":1,"97":1,"98":1,"99":1,"100":1,"101":1,"102":4,"103":4,"104":4,"105":4,"106":0,"107":4,"108":1,"109":1,"110":1,"111":0,"112":0,"113":0,"114":1,"115":1},"f":{"0":1,"1":6,"2":27,"3":18,"4":4,"5":4,"6":2,"7":2,"8":2,"9":2,"10":1,"11":27,"12":27,"13":26,"14":17,"15":15,"16":3,"17":2,"18":7,"19":1,"20":1,"21":1,"22":1,"23":0,"24":1,"25":1,"26":4,"27":4,"28":4,"29":1,"30":1,"31":0},"b":{"0":[18,0],"1":[4,0],"2":[4,4],"3":[4,0],"4":[4,4],"5":[0,2],"6":[1,25],"7":[15,11],"8":[0,1],"9":[1,0],"10":[1,1],"11":[0,0],"12":[0,1],"13":[0,1],"14":[1,1],"15":[0,4],"16":[0,0]}}
}
