TN:
SF:D:\team_cooperation\middleware\none-sql\src\index.ts
FN:9,(anonymous_22)
FN:15,Connection
FN:22,(anonymous_24)
FN:29,(anonymous_25)
FN:42,(anonymous_26)
FN:55,(anonymous_27)
FN:66,(anonymous_28)
FN:67,(anonymous_31)
FN:68,(anonymous_32)
FN:68,(anonymous_33)
FN:77,(anonymous_35)
FN:85,(anonymous_36)
FN:86,(anonymous_39)
FN:87,(anonymous_40)
FN:93,(anonymous_41)
FN:104,(anonymous_42)
FN:109,(anonymous_45)
FN:114,(anonymous_48)
FN:119,(anonymous_51)
FN:132,(anonymous_54)
FN:134,DB
FN:145,(anonymous_56)
FN:146,(anonymous_59)
FN:147,(anonymous_60)
FN:157,(anonymous_61)
FN:160,Pool
FN:171,(anonymous_63)
FN:172,(anonymous_64)
FN:173,(anonymous_65)
FN:182,(anonymous_66)
FN:183,(anonymous_69)
FN:184,(anonymous_70)
FNF:32
FNH:30
FNDA:1,(anonymous_22)
FNDA:6,Connection
FNDA:27,(anonymous_24)
FNDA:18,(anonymous_25)
FNDA:4,(anonymous_26)
FNDA:4,(anonymous_27)
FNDA:2,(anonymous_28)
FNDA:2,(anonymous_31)
FNDA:2,(anonymous_32)
FNDA:2,(anonymous_33)
FNDA:1,(anonymous_35)
FNDA:27,(anonymous_36)
FNDA:27,(anonymous_39)
FNDA:26,(anonymous_40)
FNDA:27,(anonymous_41)
FNDA:15,(anonymous_42)
FNDA:3,(anonymous_45)
FNDA:2,(anonymous_48)
FNDA:7,(anonymous_51)
FNDA:1,(anonymous_54)
FNDA:1,DB
FNDA:1,(anonymous_56)
FNDA:1,(anonymous_59)
FNDA:0,(anonymous_60)
FNDA:1,(anonymous_61)
FNDA:1,Pool
FNDA:4,(anonymous_63)
FNDA:4,(anonymous_64)
FNDA:4,(anonymous_65)
FNDA:1,(anonymous_66)
FNDA:1,(anonymous_69)
FNDA:0,(anonymous_70)
DA:1,1
DA:9,1
DA:16,6
DA:17,6
DA:18,6
DA:19,6
DA:22,1
DA:23,27
DA:24,27
DA:25,27
DA:26,27
DA:29,1
DA:30,18
DA:31,18
DA:32,18
DA:33,28
DA:35,18
DA:36,18
DA:37,18
DA:39,18
DA:42,1
DA:43,4
DA:44,4
DA:45,4
DA:46,4
DA:48,4
DA:49,4
DA:50,4
DA:52,4
DA:55,1
DA:56,4
DA:57,4
DA:58,4
DA:59,8
DA:61,4
DA:63,4
DA:66,1
DA:67,2
DA:68,2
DA:69,2
DA:70,0
DA:73,4
DA:74,1
DA:75,1
DA:77,1
DA:78,1
DA:85,1
DA:86,27
DA:87,27
DA:88,26
DA:89,1
DA:91,26
DA:92,15
DA:93,15
DA:94,27
DA:95,27
DA:97,15
DA:99,26
DA:104,1
DA:105,15
DA:106,15
DA:109,1
DA:110,3
DA:111,3
DA:114,1
DA:115,2
DA:116,2
DA:119,1
DA:120,7
DA:121,7
DA:122,7
DA:123,8
DA:124,8
DA:125,8
DA:127,7
DA:128,7
DA:130,1
DA:132,1
DA:134,2
DA:135,1
DA:136,1
DA:142,1
DA:145,1
DA:146,1
DA:147,1
DA:148,0
DA:149,0
DA:151,0
DA:155,1
DA:157,1
DA:160,1
DA:161,1
DA:162,1
DA:171,4
DA:172,4
DA:173,4
DA:174,4
DA:175,0
DA:177,4
DA:182,1
DA:183,1
DA:184,1
DA:185,0
DA:186,0
DA:188,0
DA:192,1
LF:106
LH:98
BRDA:31,0,0,18
BRDA:31,0,1,0
BRDA:43,1,0,4
BRDA:43,1,1,0
BRDA:43,2,0,4
BRDA:43,2,1,4
BRDA:56,3,0,4
BRDA:56,3,1,0
BRDA:59,4,0,4
BRDA:59,4,1,4
BRDA:69,5,0,0
BRDA:69,5,1,2
BRDA:88,6,0,1
BRDA:88,6,1,25
BRDA:91,7,0,15
BRDA:91,7,1,11
BRDA:134,8,0,0
BRDA:134,8,1,1
BRDA:134,9,0,1
BRDA:134,9,1,0
BRDA:135,10,0,1
BRDA:135,10,1,1
BRDA:148,11,0,0
BRDA:148,11,1,0
BRDA:160,12,0,0
BRDA:160,12,1,1
BRDA:160,13,0,0
BRDA:160,13,1,1
BRDA:161,14,0,1
BRDA:161,14,1,1
BRDA:174,15,0,0
BRDA:174,15,1,4
BRDA:185,16,0,0
BRDA:185,16,1,0
BRF:34
BRH:21
end_of_record
